<?xml version="1.0" encoding="UTF-8"?>
<testsuite xmlns:xsi="http://www.w3.org/2001/XMLSchema-instance" xsi:noNamespaceSchemaLocation="https://maven.apache.org/surefire/maven-surefire-plugin/xsd/surefire-test-report.xsd" name="de.kreuzwerker.cdc.userservice.UserServiceApplicationTests" time="0.001" tests="1" errors="0" skipped="1" failures="0">
  <properties>
[...]
</properties>
  <testcase name="de.kreuzwerker.cdc.userservice.UserServiceApplicationTests" classname="de.kreuzwerker.cdc.userservice.UserServiceApplicationTests" time="0">
    <skipped/>
  </testcase>
</testsuite>